This is pdfTeX, Version 3.14159265-2.6-1.40.17 (TeX Live 2016) (preloaded format=pdflatex 2016.10.31)  7 NOV 2016 03:30
entering extended mode
 restricted \write18 enabled.
 file:line:error style messages enabled.
 %&-line parsing enabled.
**Jakub_Zadrozny.tex
(./Jakub_Zadrozny.tex
LaTeX2e <2016/03/31>
Babel <3.9r> and hyphenation patterns for 83 language(s) loaded.
(./kbk.cls
Document Class: kbk 2016/10/22
(/usr/local/texlive/2016/texmf-dist/tex/latex/base/article.cls
Document Class: article 2014/09/29 v1.4h Standard LaTeX document class
(/usr/local/texlive/2016/texmf-dist/tex/latex/base/size11.clo
File: size11.clo 2014/09/29 v1.4h Standard LaTeX file (size option)
)
\c@part=\count79
\c@section=\count80
\c@subsection=\count81
\c@subsubsection=\count82
\c@paragraph=\count83
\c@subparagraph=\count84
\c@figure=\count85
\c@table=\count86
\abovecaptionskip=\skip41
\belowcaptionskip=\skip42
\bibindent=\dimen102
)
(/usr/local/texlive/2016/texmf-dist/tex/latex/base/fontenc.sty
Package: fontenc 2005/09/27 v1.99g Standard LaTeX package

(/usr/local/texlive/2016/texmf-dist/tex/latex/cyrillic/t2aenc.def
File: t2aenc.def 2005/09/27 v1.0i Cyrillic encoding definition file
)
(/usr/local/texlive/2016/texmf-dist/tex/latex/base/ot4enc.def
File: ot4enc.def 2005/09/27 v1.99g Standard LaTeX file
)
LaTeX Font Info:    Try loading font information for OT4+cmr on input line 105.


(/usr/local/texlive/2016/texmf-dist/tex/latex/polski/ot4cmr.fd
File: ot4cmr.fd 2008/02/24 v1.2.1 Font defs for fonts PL (MW)
))
(/usr/local/texlive/2016/texmf-dist/tex/generic/babel/babel.sty
Package: babel 2016/04/23 3.9r The Babel package

(/usr/local/texlive/2016/texmf-dist/tex/generic/babel-russian/russianb.ldf
Language: russianb 2016/02/18 1.3h Russian support for the Babel system

(/usr/local/texlive/2016/texmf-dist/tex/generic/babel/babel.def
File: babel.def 2016/04/23 3.9r Babel common definitions
\babel@savecnt=\count87
\U@D=\dimen103
)

Package babel Warning: No input encoding specified for Russian language on inpu
t line 110.

Package babel Info: Making " an active character on input line 111.
) (/usr/local/texlive/2016/texmf-dist/tex/generic/babel-english/english.ldf
Language: english 2012/08/20 v3.3p English support from the babel system
\l@canadian = a dialect from \language\l@american 
\l@australian = a dialect from \language\l@british 
\l@newzealand = a dialect from \language\l@british 
)
(/usr/local/texlive/2016/texmf-dist/tex/generic/babel-polish/polish.ldf
Language: polish 2005/03/31 v1.2l Polish support from the babel system
\pl@left=\dimen104
\pl@down=\dimen105
\pl@right=\dimen106
\pl@temp=\dimen107
)
(/usr/local/texlive/2016/texmf-dist/tex/generic/babel-polish/polish.ldf
Language: polish 2005/03/31 v1.2l Polish support from the babel system
))
(/usr/local/texlive/2016/texmf-dist/tex/latex/base/inputenc.sty
Package: inputenc 2015/03/17 v1.2c Input encoding file
\inpenc@prehook=\toks14
\inpenc@posthook=\toks15

(/usr/local/texlive/2016/texmf-dist/tex/latex/ucs/utf8x.def
File: utf8x.def 2004/10/17 UCS: Input encoding UTF-8
))
(/usr/local/texlive/2016/texmf-dist/tex/latex/ucs/ucs.sty
Package: ucs 2013/05/11 v2.2 UCS: Unicode input support

(/usr/local/texlive/2016/texmf-dist/tex/latex/ucs/data/uni-global.def
File: uni-global.def 2013/05/13 UCS: Unicode global data
)
\uc@secondtry=\count88
\uc@combtoks=\toks16
\uc@combtoksb=\toks17
\uc@temptokena=\toks18
)
(/usr/local/texlive/2016/texmf-dist/tex/latex/geometry/geometry.sty
Package: geometry 2010/09/12 v5.6 Page Geometry

(/usr/local/texlive/2016/texmf-dist/tex/latex/graphics/keyval.sty
Package: keyval 2014/10/28 v1.15 key=value parser (DPC)
\KV@toks@=\toks19
)
(/usr/local/texlive/2016/texmf-dist/tex/generic/oberdiek/ifpdf.sty
Package: ifpdf 2016/05/14 v3.1 Provides the ifpdf switch
)
(/usr/local/texlive/2016/texmf-dist/tex/generic/oberdiek/ifvtex.sty
Package: ifvtex 2016/05/16 v1.6 Detect VTeX and its facilities (HO)
Package ifvtex Info: VTeX not detected.
)
(/usr/local/texlive/2016/texmf-dist/tex/generic/ifxetex/ifxetex.sty
Package: ifxetex 2010/09/12 v0.6 Provides ifxetex conditional
)
\Gm@cnth=\count89
\Gm@cntv=\count90
\c@Gm@tempcnt=\count91
\Gm@bindingoffset=\dimen108
\Gm@wd@mp=\dimen109
\Gm@odd@mp=\dimen110
\Gm@even@mp=\dimen111
\Gm@layoutwidth=\dimen112
\Gm@layoutheight=\dimen113
\Gm@layouthoffset=\dimen114
\Gm@layoutvoffset=\dimen115
\Gm@dimlist=\toks20
)
(/usr/local/texlive/2016/texmf-dist/tex/latex/graphics/graphicx.sty
Package: graphicx 2014/10/28 v1.0g Enhanced LaTeX Graphics (DPC,SPQR)

(/usr/local/texlive/2016/texmf-dist/tex/latex/graphics/graphics.sty
Package: graphics 2016/05/09 v1.0r Standard LaTeX Graphics (DPC,SPQR)

(/usr/local/texlive/2016/texmf-dist/tex/latex/graphics/trig.sty
Package: trig 2016/01/03 v1.10 sin cos tan (DPC)
)
(/usr/local/texlive/2016/texmf-dist/tex/latex/graphics-cfg/graphics.cfg
File: graphics.cfg 2016/01/02 v1.10 sample graphics configuration
)
Package graphics Info: Driver file: pdftex.def on input line 96.

(/usr/local/texlive/2016/texmf-dist/tex/latex/pdftex-def/pdftex.def
File: pdftex.def 2011/05/27 v0.06d Graphics/color for pdfTeX

(/usr/local/texlive/2016/texmf-dist/tex/generic/oberdiek/infwarerr.sty
Package: infwarerr 2016/05/16 v1.4 Providing info/warning/error messages (HO)
)
(/usr/local/texlive/2016/texmf-dist/tex/generic/oberdiek/ltxcmds.sty
Package: ltxcmds 2016/05/16 v1.23 LaTeX kernel commands for general use (HO)
)
\Gread@gobject=\count92
))
\Gin@req@height=\dimen116
\Gin@req@width=\dimen117
)
(/usr/local/texlive/2016/texmf-dist/tex/latex/fancyhdr/fancyhdr.sty
\fancy@headwidth=\skip43
\f@ncyO@elh=\skip44
\f@ncyO@erh=\skip45
\f@ncyO@olh=\skip46
\f@ncyO@orh=\skip47
\f@ncyO@elf=\skip48
\f@ncyO@erf=\skip49
\f@ncyO@olf=\skip50
\f@ncyO@orf=\skip51
)
(/usr/local/texlive/2016/texmf-dist/tex/latex/textpos/textpos.sty
Package: textpos 2014/01/03 v1.7j

Package: textpos 2014/01/03 1.7j, absolute positioning of text on the page
(/usr/local/texlive/2016/texmf-dist/tex/latex/ms/everyshi.sty
Package: everyshi 2001/05/15 v3.00 EveryShipout Package (MS)
)
\TP@textbox=\box26
\TP@holdbox=\box27
\TPHorizModule=\dimen118
\TPVertModule=\dimen119
\TP@margin=\dimen120
\TP@absmargin=\dimen121

Grid set 16 x 16 = 37.34424pt x 52.81541pt
\TPboxrulesize=\dimen122
\TP@ox=\dimen123
\TP@oy=\dimen124
\TP@tbargs=\toks21
\TP@prevdepth=\dimen125
TextBlockOrigin set to 0pt x 0pt
)) (/usr/local/texlive/2016/texmf-dist/tex/latex/url/url.sty
\Urlmuskip=\muskip10
Package: url 2013/09/16  ver 3.4  Verb mode for urls, etc.
)
(./Jakub_Zadrozny.aux)
\openout1 = `Jakub_Zadrozny.aux'.

LaTeX Font Info:    Checking defaults for OML/cmm/m/it on input line 5.
LaTeX Font Info:    ... okay on input line 5.
LaTeX Font Info:    Checking defaults for T1/cmr/m/n on input line 5.
LaTeX Font Info:    ... okay on input line 5.
LaTeX Font Info:    Checking defaults for OT1/cmr/m/n on input line 5.
LaTeX Font Info:    ... okay on input line 5.
LaTeX Font Info:    Checking defaults for OMS/cmsy/m/n on input line 5.
LaTeX Font Info:    ... okay on input line 5.
LaTeX Font Info:    Checking defaults for OMX/cmex/m/n on input line 5.
LaTeX Font Info:    ... okay on input line 5.
LaTeX Font Info:    Checking defaults for U/cmr/m/n on input line 5.
LaTeX Font Info:    ... okay on input line 5.
LaTeX Font Info:    Checking defaults for T2A/cmr/m/n on input line 5.
LaTeX Font Info:    Try loading font information for T2A+cmr on input line 5.

(/usr/local/texlive/2016/texmf-dist/tex/latex/cyrillic/t2acmr.fd
File: t2acmr.fd 2001/08/11 v1.0a Computer Modern Cyrillic font definitions
)
LaTeX Font Info:    ... okay on input line 5.
LaTeX Font Info:    Checking defaults for OT4/cmr/m/n on input line 5.
LaTeX Font Info:    ... okay on input line 5.

(/usr/local/texlive/2016/texmf-dist/tex/latex/ucs/ucsencs.def
File: ucsencs.def 2011/01/21 Fixes to fontencodings LGR, T3
)
*geometry* driver: auto-detecting
*geometry* detected driver: pdftex
*geometry* verbose mode - [ preamble ] result:
* driver: pdftex
* paper: <default>
* layout: <same size as paper>
* layoutoffset:(h,v)=(0.0pt,0.0pt)
* modes: twoside 
* h-part:(L,W,R)=(72.26999pt, 452.9679pt, 72.26999pt)
* v-part:(T,H,B)=(72.26999pt, 700.50687pt, 72.26999pt)
* \paperwidth=597.50787pt
* \paperheight=845.04684pt
* \textwidth=452.9679pt
* \textheight=700.50687pt
* \oddsidemargin=0.0pt
* \evensidemargin=0.0pt
* \topmargin=-39.0pt
* \headheight=14.0pt
* \headsep=25.0pt
* \topskip=11.0pt
* \footskip=0.0pt
* \marginparwidth=103.0pt
* \marginparsep=10.0pt
* \columnsep=10.0pt
* \skip\footins=10.0pt plus 4.0pt minus 2.0pt
* \hoffset=0.0pt
* \voffset=0.0pt
* \mag=1000
* \@twocolumnfalse
* \@twosidetrue
* \@mparswitchtrue
* \@reversemarginfalse
* (1in=72.27pt=25.4mm, 1cm=28.453pt)

(/usr/local/texlive/2016/texmf-dist/tex/context/base/mkii/supp-pdf.mkii
[Loading MPS to PDF converter (version 2006.09.02).]
\scratchcounter=\count93
\scratchdimen=\dimen126
\scratchbox=\box28
\nofMPsegments=\count94
\nofMParguments=\count95
\everyMPshowfont=\toks22
\MPscratchCnt=\count96
\MPscratchDim=\dimen127
\MPnumerator=\count97
\makeMPintoPDFobject=\count98
\everyMPtoPDFconversion=\toks23
) (/usr/local/texlive/2016/texmf-dist/tex/generic/oberdiek/pdftexcmds.sty
Package: pdftexcmds 2016/05/10 v0.21 Utility functions of pdfTeX for LuaTeX (HO
)

(/usr/local/texlive/2016/texmf-dist/tex/generic/oberdiek/ifluatex.sty
Package: ifluatex 2016/05/16 v1.4 Provides the ifluatex switch (HO)
Package ifluatex Info: LuaTeX not detected.
)
Package pdftexcmds Info: LuaTeX not detected.
Package pdftexcmds Info: \pdf@primitive is available.
Package pdftexcmds Info: \pdf@ifprimitive is available.
Package pdftexcmds Info: \pdfdraftmode found.
)
(/usr/local/texlive/2016/texmf-dist/tex/latex/oberdiek/epstopdf-base.sty
Package: epstopdf-base 2016/05/15 v2.6 Base part for package epstopdf

(/usr/local/texlive/2016/texmf-dist/tex/latex/oberdiek/grfext.sty
Package: grfext 2016/05/16 v1.2 Manage graphics extensions (HO)

(/usr/local/texlive/2016/texmf-dist/tex/generic/oberdiek/kvdefinekeys.sty
Package: kvdefinekeys 2016/05/16 v1.4 Define keys (HO)
))
(/usr/local/texlive/2016/texmf-dist/tex/latex/oberdiek/kvoptions.sty
Package: kvoptions 2016/05/16 v3.12 Key value format for package options (HO)

(/usr/local/texlive/2016/texmf-dist/tex/generic/oberdiek/kvsetkeys.sty
Package: kvsetkeys 2016/05/16 v1.17 Key value parser (HO)

(/usr/local/texlive/2016/texmf-dist/tex/generic/oberdiek/etexcmds.sty
Package: etexcmds 2016/05/16 v1.6 Avoid name clashes with e-TeX commands (HO)
Package etexcmds Info: Could not find \expanded.
(etexcmds)             That can mean that you are not using pdfTeX 1.50 or
(etexcmds)             that some package has redefined \expanded.
(etexcmds)             In the latter case, load this package earlier.
)))
Package grfext Info: Graphics extension search list:
(grfext)             [.png,.pdf,.jpg,.mps,.jpeg,.jbig2,.jb2,.PNG,.PDF,.JPG,.JPE
G,.JBIG2,.JB2,.eps]
(grfext)             \AppendGraphicsExtensions on input line 456.

(/usr/local/texlive/2016/texmf-dist/tex/latex/latexconfig/epstopdf-sys.cfg
File: epstopdf-sys.cfg 2010/07/13 v1.3 Configuration of (r)epstopdf for TeX Liv
e
))
ABD: EveryShipout initializing macros
(/usr/local/texlive/2016/texmf-dist/tex/latex/ucs/data/uni-1.def
File: uni-1.def 2013/05/13 UCS: Unicode data U+0100..U+01FF
)
LaTeX Font Info:    External font `cmex10' loaded for size
(Font)              <12> on input line 10.
LaTeX Font Info:    External font `cmex10' loaded for size
(Font)              <8> on input line 10.
LaTeX Font Info:    External font `cmex10' loaded for size
(Font)              <6> on input line 10.
LaTeX Font Info:    Try loading font information for OT4+cmss on input line 10.


(/usr/local/texlive/2016/texmf-dist/tex/latex/polski/ot4cmss.fd
File: ot4cmss.fd 2008/02/24 v1.2.1 Font defs for fonts PL (MW)
)
(/usr/local/texlive/2016/texmf-dist/tex/latex/ucs/data/uni-32.def
File: uni-32.def 2013/05/13 UCS: Unicode data U+2000..U+20FF
)
LaTeX Font Info:    Font shape `OT4/cmss/m/it' in size <9> not available
(Font)              Font shape `OT4/cmss/m/sl' tried instead on input line 10.

(/usr/local/texlive/2016/texmf-dist/tex/latex/ucs/data/uni-0.def
File: uni-0.def 2013/05/13 UCS: Unicode data U+0000..U+00FF
)
<ccbynd.pdf, id=1, 120.45pt x 42.1575pt>
File: ccbynd.pdf Graphic file (type pdf)
 <use ccbynd.pdf>
Package pdftex.def Info: ccbynd.pdf used on input line 10.
(pdftex.def)             Requested size: 50.0pt x 17.49953pt.
LaTeX Font Info:    Try loading font information for OT4+cmtt on input line 10.


(/usr/local/texlive/2016/texmf-dist/tex/latex/polski/ot4cmtt.fd
File: ot4cmtt.fd 2008/02/24 v1.2.1 Font defs for fonts PL (MW)
)
LaTeX Font Info:    Try loading font information for OMS+cmr on input line 24.

(/usr/local/texlive/2016/texmf-dist/tex/latex/base/omscmr.fd
File: omscmr.fd 2014/09/29 v2.5h Standard LaTeX font definitions
)
LaTeX Font Info:    Font shape `OMS/cmr/m/n' in size <10.95> not available
(Font)              Font shape `OMS/cmsy/m/n' tried instead on input line 24.


LaTeX Warning: Citation `history' on page 1 undefined on input line 28.


LaTeX Warning: Citation `equipment' on page 1 undefined on input line 28.

[1{/usr/local/texlive/2016/texmf-var/fonts/map/pdftex/updmap/pdftex.map}

 <./ccbynd.pdf>]

LaTeX Warning: Citation `usage-wiki' on page 2 undefined on input line 39.


LaTeX Warning: Citation `email-fax' on page 2 undefined on input line 45.

[2]

LaTeX Warning: Citation `estonia' on page 3 undefined on input line 48.


LaTeX Warning: Citation `estonia-wiki' on page 3 undefined on input line 50.


LaTeX Warning: Citation `winvote' on page 3 undefined on input line 58.

[3]
Overfull \hbox (8.30031pt too wide) in paragraph at lines 65--66
[]\OT4/cmr/m/n/10.95 urz¡dzenie za-pi-sy-waªo pliki w ba-zie MS Ac-cess za-bez-
pie-czo-nej przez krót-kie ha-sªo (``shoup''), 
 []


LaTeX Warning: Citation `accuvote-ts' on page 4 undefined on input line 72.


LaTeX Warning: Citation `nedap' on page 4 undefined on input line 78.


LaTeX Warning: Citation `california' on page 4 undefined on input line 78.


LaTeX Warning: Citation `estonia' on page 4 undefined on input line 82.

[4]

LaTeX Warning: Citation `trojan' on page 5 undefined on input line 97.


Underfull \vbox (badness 10000) has occurred while \output is active []

 [5]

LaTeX Warning: Citation `google' on page 6 undefined on input line 102.


LaTeX Warning: Citation `google' on page 6 undefined on input line 111.

[6]

LaTeX Warning: Citation `why-hard' on page 7 undefined on input line 116.


LaTeX Warning: Reference `dre-hacks' on page 7 undefined on input line 118.


LaTeX Warning: Reference `estonia-server' on page 7 undefined on input line 120
.

[7]

LaTeX Warning: Citation `google' on page 8 undefined on input line 132.


LaTeX Warning: Citation `google' on page 8 undefined on input line 136.


LaTeX Warning: Citation `why-hard' on page 8 undefined on input line 138.


LaTeX Warning: Citation `google' on page 8 undefined on input line 140.


LaTeX Warning: Citation `schneier' on page 8 undefined on input line 143.


Underfull \vbox (badness 10000) has occurred while \output is active []

 [8]

LaTeX Warning: Citation `bismark' on page 9 undefined on input line 147.


LaTeX Warning: Citation `schneier' on page 9 undefined on input line 150.

[9]
LaTeX Font Info:    External font `cmex10' loaded for size
(Font)              <10.95> on input line 162.

Underfull \hbox (badness 10000) in paragraph at lines 159--163
[]\OT4/cmr/m/n/10.95 Jeremy Ep-stein. \OT4/cmr/m/it/10.95 De-cer-ti-fy-ing the 
worst vo-ting ma-chine in the US\OT4/cmr/m/n/10.95 . Fre-
 []


Underfull \hbox (badness 10000) in paragraph at lines 159--163
\OT4/cmr/m/n/10.95 edom To Tin-ker, 2015. $\OT4/cmtt/m/n/10.95 https : / / free
dom-[]to-[]tinker . com / 2015 / 04 / 15 /
 []


Underfull \hbox (badness 10000) in paragraph at lines 165--168
[]\OT4/cmr/m/it/10.95 OSCE fin-dings on Es-to-nian e-voting\OT4/cmr/m/n/10.95 .
 EDRi, 2011. $\OT4/cmtt/m/n/10.95 https : / / edri . org /
 []


Underfull \hbox (badness 10000) in paragraph at lines 185--188
[]\OT4/cmr/m/n/10.95 David Bi-smark. \OT4/cmr/m/it/10.95 Ve-ri-fia-ble Elec-tro
-nic Vo-ting\OT4/cmr/m/n/10.95 . $\OT4/cmtt/m/n/10.95 https : / / evoting . bis
mark . se /
 []


Underfull \hbox (badness 6608) in paragraph at lines 196--200
[]\OT4/cmr/m/n/10.95 David Jef-fer-son. \OT4/cmr/m/it/10.95 What About Email an
d Fax?\OT4/cmr/m/n/10.95 . Ve-ri-fied Vo-ting. $\OT4/cmtt/m/n/10.95 https : / /
 www .
 []


Underfull \hbox (badness 10000) in paragraph at lines 208--212
[]\OT4/cmr/m/n/10.95 Rop Gong-grijp, Willem-Jan Hen-ge-veld. \OT4/cmr/m/it/10.9
5 Ne-dap/Groenendaal ES3B vo-ting
 []


Underfull \hbox (badness 10000) in paragraph at lines 208--212
\OT4/cmr/m/it/10.95 com-pu-ter\OT4/cmr/m/n/10.95 . Stich-ting "Wij ver-tro-uwen
 stem-com-pu-ters niet", 2006. $\OT4/cmtt/m/n/10.95 http : / /
 []

[10]
Underfull \hbox (badness 3861) in paragraph at lines 232--236
[]\OT4/cmr/m/n/10.95 Barbara Si-mons. \OT4/cmr/m/it/10.95 Ca-li-for-nia: The To
p to Bot-tom Re-view\OT4/cmr/m/n/10.95 . Vo-te-Tru-stUSA, 2007.
 []


Underfull \hbox (badness 10000) in paragraph at lines 232--236
\OT4/cmtt/m/n/10.95 http : / / www . votetrustusa . org / index . php ? option 
= com _ content & task = view & id = 2554 &
 []

[11] (./Jakub_Zadrozny.aux)

LaTeX Warning: There were undefined references.


LaTeX Warning: Label(s) may have changed. Rerun to get cross-references right.

 ) 
Here is how much of TeX's memory you used:
 5132 strings out of 493014
 67437 string characters out of 6133350
 137878 words of memory out of 5000000
 8571 multiletter control sequences out of 15000+600000
 15469 words of font info for 43 fonts, out of 8000000 for 9000
 1141 hyphenation exceptions out of 8191
 38i,10n,45p,1491b,587s stack positions out of 5000i,500n,10000p,200000b,80000s
{/usr/local/texlive/2016/texmf-dist/fonts/enc/dvips/pl/pltt.enc}{/usr/local/t
exlive/2016/texmf-dist/fonts/enc/dvips/pl/plrm.enc}{/usr/local/texlive/2016/tex
mf-dist/fonts/enc/dvips/pl/plit.enc}</usr/local/texlive/2016/texmf-dist/fonts/t
ype1/public/amsfonts/cm/cmsy10.pfb></usr/local/texlive/2016/texmf-dist/fonts/ty
pe1/public/pl/plbx10.pfb></usr/local/texlive/2016/texmf-dist/fonts/type1/public
/pl/plbx12.pfb></usr/local/texlive/2016/texmf-dist/fonts/type1/public/pl/plr10.
pfb></usr/local/texlive/2016/texmf-dist/fonts/type1/public/pl/plr12.pfb></usr/l
ocal/texlive/2016/texmf-dist/fonts/type1/public/pl/plr17.pfb></usr/local/texliv
e/2016/texmf-dist/fonts/type1/public/pl/plss10.pfb></usr/local/texlive/2016/tex
mf-dist/fonts/type1/public/pl/plss9.pfb></usr/local/texlive/2016/texmf-dist/fon
ts/type1/public/pl/plssi10.pfb></usr/local/texlive/2016/texmf-dist/fonts/type1/
public/pl/plssi9.pfb></usr/local/texlive/2016/texmf-dist/fonts/type1/public/pl/
plti10.pfb></usr/local/texlive/2016/texmf-dist/fonts/type1/public/pl/pltt10.pfb
></usr/local/texlive/2016/texmf-dist/fonts/type1/public/pl/pltt9.pfb>
Output written on Jakub_Zadrozny.pdf (11 pages, 152543 bytes).
PDF statistics:
 98 PDF objects out of 1000 (max. 8388607)
 70 compressed objects within 1 object stream
 0 named destinations out of 1000 (max. 500000)
 6 words of extra memory for PDF output out of 10000 (max. 10000000)

